-------------------------------------------------------------------------------
Test set: com.hpe.StudentcoursemanagementsystemApplicationTests
-------------------------------------------------------------------------------
Tests run: 1, Failures: 0, Errors: 1, Skipped: 0, Time elapsed: 1.475 s <<< FAILURE! - in com.hpe.StudentcoursemanagementsystemApplicationTests
contextLoads  Time elapsed: 0.013 s  <<< ERROR!
java.lang.IllegalStateException: Failed to load ApplicationContext
Caused by: org.springframework.beans.factory.UnsatisfiedDependencyException: Error creating bean with name 'studentController' defined in file [C:\Users\jacobj\eclipse-workspace\studentcoursemanagementsystem\target\classes\com\hpe\studentcoursemanagementsystem\controller\StudentController.class]: Unsatisfied dependency expressed through constructor parameter 0; nested exception is org.springframework.beans.factory.UnsatisfiedDependencyException: Error creating bean with name 'studentServiceImpl' defined in file [C:\Users\jacobj\eclipse-workspace\studentcoursemanagementsystem\target\classes\com\hpe\studentcoursemanagementsystem\service\impl\StudentServiceImpl.class]: Unsatisfied dependency expressed through constructor parameter 0; nested exception is org.springframework.beans.factory.NoSuchBeanDefinitionException: No qualifying bean of type 'com.hpe.studentcoursemanagementsystem.repository.StudentRepository' available: expected at least 1 bean which qualifies as autowire candidate. Dependency annotations: {}
Caused by: org.springframework.beans.factory.UnsatisfiedDependencyException: Error creating bean with name 'studentServiceImpl' defined in file [C:\Users\jacobj\eclipse-workspace\studentcoursemanagementsystem\target\classes\com\hpe\studentcoursemanagementsystem\service\impl\StudentServiceImpl.class]: Unsatisfied dependency expressed through constructor parameter 0; nested exception is org.springframework.beans.factory.NoSuchBeanDefinitionException: No qualifying bean of type 'com.hpe.studentcoursemanagementsystem.repository.StudentRepository' available: expected at least 1 bean which qualifies as autowire candidate. Dependency annotations: {}
Caused by: org.springframework.beans.factory.NoSuchBeanDefinitionException: No qualifying bean of type 'com.hpe.studentcoursemanagementsystem.repository.StudentRepository' available: expected at least 1 bean which qualifies as autowire candidate. Dependency annotations: {}

